
MS-HOPE	Wed Jun 24 08:56:06 2020
	ib_util init failed, UDFs can't be used - looks like firebird misconfigured
	
	C:\Users\Administrator\Desktop\jaybird-embedded-example-master\fb\ib_util.dll library has not been found
	C:\Users\Administrator\Desktop\jaybird-embedded-example-master\fb\ib_util.dll library has not been found
	ib_util.dll library has not been found


MS-HOPE	Wed Jun 24 08:58:36 2020
	ib_util init failed, UDFs can't be used - looks like firebird misconfigured
	
	D:\jaybird-embedded-example-master\fb\ib_util.dll library has not been found
	D:\jaybird-embedded-example-master\fb\ib_util.dll library has not been found
	ib_util.dll library has not been found


MS-HOPE	Wed Jun 24 09:05:01 2020
	ib_util init failed, UDFs can't be used - looks like firebird misconfigured
	
	D:\jaybird-embedded-example-master\fb\ib_util.dll library has not been found
	D:\jaybird-embedded-example-master\fb\ib_util.dll library has not been found
	ib_util.dll library has not been found


MS-HOPE	Wed Jun 24 09:05:23 2020
	ib_util init failed, UDFs can't be used - looks like firebird misconfigured
	
	D:\jaybird-embedded-example-master\fb\ib_util.dll library has not been found
	D:\jaybird-embedded-example-master\fb\ib_util.dll library has not been found
	ib_util.dll library has not been found


MS-HOPE	Wed Jun 24 09:06:18 2020
	ib_util init failed, UDFs can't be used - looks like firebird misconfigured
	
	D:\jaybird-embedded-example-master\fb\ib_util.dll library has not been found
	D:\jaybird-embedded-example-master\fb\ib_util.dll library has not been found
	ib_util.dll library has not been found


MS-HOPE	Wed Jun 24 09:07:03 2020
	ib_util init failed, UDFs can't be used - looks like firebird misconfigured
	
	D:\jaybird-embedded-example-master\fb\ib_util.dll library has not been found
	D:\jaybird-embedded-example-master\fb\ib_util.dll library has not been found
	ib_util.dll library has not been found


MS-HOPE	Wed Jun 24 09:07:18 2020
	ib_util init failed, UDFs can't be used - looks like firebird misconfigured
	
	D:\jaybird-embedded-example-master\fb\ib_util.dll library has not been found
	D:\jaybird-embedded-example-master\fb\ib_util.dll library has not been found
	ib_util.dll library has not been found


MS-HOPE	Wed Jun 24 09:37:51 2020
	ib_util init failed, UDFs can't be used - looks like firebird misconfigured
	
	E:\IdeaProjects\firebird-test\fb\ib_util.dll library has not been found
	E:\IdeaProjects\firebird-test\fb\ib_util.dll library has not been found
	ib_util.dll library has not been found


MS-HOPE	Wed Jun 24 09:40:55 2020
	ib_util init failed, UDFs can't be used - looks like firebird misconfigured
	
	E:\IdeaProjects\firebird-test\fb\ib_util.dll library has not been found
	E:\IdeaProjects\firebird-test\fb\ib_util.dll library has not been found
	ib_util.dll library has not been found


MS-HOPE	Wed Jun 24 09:42:04 2020
	ib_util init failed, UDFs can't be used - looks like firebird misconfigured
	
	E:\IdeaProjects\firebird-test\fb\ib_util.dll library has not been found
	E:\IdeaProjects\firebird-test\fb\ib_util.dll library has not been found
	ib_util.dll library has not been found


MS-HOPE	Wed Jun 24 09:47:53 2020
	ib_util init failed, UDFs can't be used - looks like firebird misconfigured
	
	E:\IdeaProjects\firebird-test\fb\ib_util.dll library has not been found
	E:\IdeaProjects\firebird-test\fb\ib_util.dll library has not been found
	ib_util.dll library has not been found


MS-HOPE	Wed Jun 24 09:48:10 2020
	ib_util init failed, UDFs can't be used - looks like firebird misconfigured
	
	E:\IdeaProjects\firebird-test\fb\ib_util.dll library has not been found
	E:\IdeaProjects\firebird-test\fb\ib_util.dll library has not been found
	ib_util.dll library has not been found


MS-HOPE	Wed Jun 24 09:50:49 2020
	ib_util init failed, UDFs can't be used - looks like firebird misconfigured
	
	E:\IdeaProjects\firebird-test\fb\ib_util.dll library has not been found
	E:\IdeaProjects\firebird-test\fb\ib_util.dll library has not been found
	ib_util.dll library has not been found


MS-HOPE	Wed Jun 24 09:52:43 2020
	ib_util init failed, UDFs can't be used - looks like firebird misconfigured
	
	E:\IdeaProjects\firebird-test\fb\ib_util.dll library has not been found
	E:\IdeaProjects\firebird-test\fb\ib_util.dll library has not been found
	ib_util.dll library has not been found


MS-HOPE	Wed Jun 24 09:53:06 2020
	ib_util init failed, UDFs can't be used - looks like firebird misconfigured
	
	E:\IdeaProjects\firebird-test\fb\ib_util.dll library has not been found
	E:\IdeaProjects\firebird-test\fb\ib_util.dll library has not been found
	ib_util.dll library has not been found


MS-HOPE	Wed Jun 24 09:54:28 2020
	ib_util init failed, UDFs can't be used - looks like firebird misconfigured
	
	E:\IdeaProjects\firebird-test\fb\ib_util.dll library has not been found
	E:\IdeaProjects\firebird-test\fb\ib_util.dll library has not been found
	ib_util.dll library has not been found


MS-HOPE	Wed Jun 24 09:54:50 2020
	ib_util init failed, UDFs can't be used - looks like firebird misconfigured
	
	E:\IdeaProjects\firebird-test\fb\ib_util.dll library has not been found
	E:\IdeaProjects\firebird-test\fb\ib_util.dll library has not been found
	ib_util.dll library has not been found


MS-HOPE	Wed Jun 24 09:55:54 2020
	ib_util init failed, UDFs can't be used - looks like firebird misconfigured
	
	E:\IdeaProjects\firebird-test\fb\ib_util.dll library has not been found
	E:\IdeaProjects\firebird-test\fb\ib_util.dll library has not been found
	ib_util.dll library has not been found


MS-HOPE	Wed Jun 24 10:00:19 2020
	ib_util init failed, UDFs can't be used - looks like firebird misconfigured
	
	E:\IdeaProjects\firebird-test\fb\ib_util.dll library has not been found
	E:\IdeaProjects\firebird-test\fb\ib_util.dll library has not been found
	ib_util.dll library has not been found


MS-HOPE	Wed Jun 24 10:01:18 2020
	ib_util init failed, UDFs can't be used - looks like firebird misconfigured
	
	E:\IdeaProjects\firebird-test\fb\ib_util.dll library has not been found
	E:\IdeaProjects\firebird-test\fb\ib_util.dll library has not been found
	ib_util.dll library has not been found


MS-HOPE	Wed Jun 24 10:44:21 2020
	ib_util init failed, UDFs can't be used - looks like firebird misconfigured
	
	E:\IdeaProjects\firebird-test\fb\ib_util.dll library has not been found
	E:\IdeaProjects\firebird-test\fb\ib_util.dll library has not been found
	ib_util.dll library has not been found


MS-HOPE	Wed Jun 24 10:44:43 2020
	ib_util init failed, UDFs can't be used - looks like firebird misconfigured
	
	E:\IdeaProjects\firebird-test\fb\ib_util.dll library has not been found
	E:\IdeaProjects\firebird-test\fb\ib_util.dll library has not been found
	ib_util.dll library has not been found


MS-HOPE	Wed Jun 24 10:54:32 2020
	ib_util init failed, UDFs can't be used - looks like firebird misconfigured
	
	E:\henan\demo\fb\ib_util.dll library has not been found
	E:\henan\demo\fb\ib_util.dll library has not been found
	ib_util.dll library has not been found


MS-HOPE	Wed Jun 24 10:55:12 2020
	ib_util init failed, UDFs can't be used - looks like firebird misconfigured
	
	E:\henan\demo\fb\ib_util.dll library has not been found
	E:\henan\demo\fb\ib_util.dll library has not been found
	ib_util.dll library has not been found


MS-HOPE	Wed Jun 24 10:55:58 2020
	ib_util init failed, UDFs can't be used - looks like firebird misconfigured
	
	E:\henan\demo\fb\ib_util.dll library has not been found
	E:\henan\demo\fb\ib_util.dll library has not been found
	ib_util.dll library has not been found


MS-HOPE	Wed Jun 24 10:56:18 2020
	ib_util init failed, UDFs can't be used - looks like firebird misconfigured
	
	E:\henan\demo\fb\ib_util.dll library has not been found
	E:\henan\demo\fb\ib_util.dll library has not been found
	ib_util.dll library has not been found


MS-HOPE	Wed Jun 24 11:01:09 2020
	ib_util init failed, UDFs can't be used - looks like firebird misconfigured
	
	E:\henan\demo\fb\ib_util.dll library has not been found
	E:\henan\demo\fb\ib_util.dll library has not been found
	ib_util.dll library has not been found


MS-HOPE	Wed Jun 24 11:01:30 2020
	ib_util init failed, UDFs can't be used - looks like firebird misconfigured
	
	E:\henan\demo\fb\ib_util.dll library has not been found
	E:\henan\demo\fb\ib_util.dll library has not been found
	ib_util.dll library has not been found


MS-HOPE	Wed Jun 24 11:01:51 2020
	ib_util init failed, UDFs can't be used - looks like firebird misconfigured
	
	E:\henan\demo\fb\ib_util.dll library has not been found
	E:\henan\demo\fb\ib_util.dll library has not been found
	ib_util.dll library has not been found


MS-HOPE	Wed Jun 24 11:02:38 2020
	ib_util init failed, UDFs can't be used - looks like firebird misconfigured
	
	E:\henan\demo\fb\ib_util.dll library has not been found
	E:\henan\demo\fb\ib_util.dll library has not been found
	ib_util.dll library has not been found


MS-HOPE	Wed Jun 24 11:03:08 2020
	ib_util init failed, UDFs can't be used - looks like firebird misconfigured
	
	E:\henan\demo\fb\ib_util.dll library has not been found
	E:\henan\demo\fb\ib_util.dll library has not been found
	ib_util.dll library has not been found


MS-HOPE	Wed Jun 24 11:03:50 2020
	ib_util init failed, UDFs can't be used - looks like firebird misconfigured
	
	E:\henan\demo\fb\ib_util.dll library has not been found
	E:\henan\demo\fb\ib_util.dll library has not been found
	ib_util.dll library has not been found


MS-HOPE	Wed Jun 24 11:04:34 2020
	ib_util init failed, UDFs can't be used - looks like firebird misconfigured
	
	E:\henan\demo\fb\ib_util.dll library has not been found
	E:\henan\demo\fb\ib_util.dll library has not been found
	ib_util.dll library has not been found


MS-HOPE	Wed Jun 24 11:05:05 2020
	ib_util init failed, UDFs can't be used - looks like firebird misconfigured
	
	E:\henan\demo\fb\ib_util.dll library has not been found
	E:\henan\demo\fb\ib_util.dll library has not been found
	ib_util.dll library has not been found


MS-HOPE	Wed Jun 24 11:08:45 2020
	ib_util init failed, UDFs can't be used - looks like firebird misconfigured
	
	E:\henan\demo\fb\ib_util.dll library has not been found
	E:\henan\demo\fb\ib_util.dll library has not been found
	ib_util.dll library has not been found


MS-HOPE	Wed Jun 24 11:16:17 2020
	ib_util init failed, UDFs can't be used - looks like firebird misconfigured
	
	E:\henan\demo\fb\ib_util.dll library has not been found
	E:\henan\demo\fb\ib_util.dll library has not been found
	ib_util.dll library has not been found


MS-HOPE	Wed Jun 24 11:16:22 2020
	Shutting down the server with 1 active connection(s) to 1 database(s), 0 active service(s)


MS-HOPE	Wed Jun 24 11:31:56 2020
	ib_util init failed, UDFs can't be used - looks like firebird misconfigured
	
	E:\henan\demo\fb\ib_util.dll library has not been found
	E:\henan\demo\fb\ib_util.dll library has not been found
	ib_util.dll library has not been found


MS-HOPE	Wed Jun 24 14:21:22 2020
	ib_util init failed, UDFs can't be used - looks like firebird misconfigured
	
	E:\henan\demo\fb\ib_util.dll library has not been found
	E:\henan\demo\fb\ib_util.dll library has not been found
	ib_util.dll library has not been found


MS-HOPE	Wed Jun 24 14:32:00 2020
	ib_util init failed, UDFs can't be used - looks like firebird misconfigured
	
	E:\henan\demo\fb\ib_util.dll library has not been found
	E:\henan\demo\fb\ib_util.dll library has not been found
	ib_util.dll library has not been found


MS-HOPE	Wed Jun 24 14:33:55 2020
	ib_util init failed, UDFs can't be used - looks like firebird misconfigured
	
	E:\henan\demo\fb\ib_util.dll library has not been found
	E:\henan\demo\fb\ib_util.dll library has not been found
	ib_util.dll library has not been found


MS-HOPE	Wed Jun 24 14:35:28 2020
	ib_util init failed, UDFs can't be used - looks like firebird misconfigured
	
	E:\henan\demo\fb\ib_util.dll library has not been found
	E:\henan\demo\fb\ib_util.dll library has not been found
	ib_util.dll library has not been found


MS-HOPE	Wed Jun 24 14:45:06 2020
	ib_util init failed, UDFs can't be used - looks like firebird misconfigured
	
	E:\henan\demo\fb\ib_util.dll library has not been found
	E:\henan\demo\fb\ib_util.dll library has not been found
	ib_util.dll library has not been found


MS-HOPE	Wed Jun 24 14:49:26 2020
	ib_util init failed, UDFs can't be used - looks like firebird misconfigured
	
	E:\henan\demo\fb\ib_util.dll library has not been found
	E:\henan\demo\fb\ib_util.dll library has not been found
	ib_util.dll library has not been found


MS-HOPE	Wed Jun 24 14:51:14 2020
	ib_util init failed, UDFs can't be used - looks like firebird misconfigured
	
	E:\henan\demo\fb\ib_util.dll library has not been found
	E:\henan\demo\fb\ib_util.dll library has not been found
	ib_util.dll library has not been found


MS-HOPE	Wed Jun 24 14:52:06 2020
	ib_util init failed, UDFs can't be used - looks like firebird misconfigured
	
	E:\henan\demo\fb\ib_util.dll library has not been found
	E:\henan\demo\fb\ib_util.dll library has not been found
	ib_util.dll library has not been found


MS-HOPE	Wed Jun 24 14:54:23 2020
	ib_util init failed, UDFs can't be used - looks like firebird misconfigured
	
	E:\henan\demo\fb\ib_util.dll library has not been found
	E:\henan\demo\fb\ib_util.dll library has not been found
	ib_util.dll library has not been found


MS-HOPE	Wed Jun 24 14:59:11 2020
	ib_util init failed, UDFs can't be used - looks like firebird misconfigured
	
	E:\henan\demo\fb\ib_util.dll library has not been found
	E:\henan\demo\fb\ib_util.dll library has not been found
	ib_util.dll library has not been found


MS-HOPE	Wed Jun 24 15:05:38 2020
	ib_util init failed, UDFs can't be used - looks like firebird misconfigured
	
	E:\henan\demo\fb\ib_util.dll library has not been found
	E:\henan\demo\fb\ib_util.dll library has not been found
	ib_util.dll library has not been found


MS-HOPE	Wed Jun 24 15:25:29 2020
	ib_util init failed, UDFs can't be used - looks like firebird misconfigured
	
	E:\henan\demo\fb\ib_util.dll library has not been found
	E:\henan\demo\fb\ib_util.dll library has not been found
	ib_util.dll library has not been found


MS-HOPE	Wed Jun 24 15:29:43 2020
	ib_util init failed, UDFs can't be used - looks like firebird misconfigured
	
	E:\henan\demo\fb\ib_util.dll library has not been found
	E:\henan\demo\fb\ib_util.dll library has not been found
	ib_util.dll library has not been found


MS-HOPE	Wed Jun 24 15:33:16 2020
	ib_util init failed, UDFs can't be used - looks like firebird misconfigured
	
	E:\henan\demo\fb\ib_util.dll library has not been found
	E:\henan\demo\fb\ib_util.dll library has not been found
	ib_util.dll library has not been found


MS-HOPE	Wed Jun 24 15:51:26 2020
	ib_util init failed, UDFs can't be used - looks like firebird misconfigured
	
	E:\henan\demo\fb\ib_util.dll library has not been found
	E:\henan\demo\fb\ib_util.dll library has not been found
	ib_util.dll library has not been found


MS-HOPE	Wed Jun 24 15:52:18 2020
	ib_util init failed, UDFs can't be used - looks like firebird misconfigured
	
	E:\henan\demo\fb\ib_util.dll library has not been found
	E:\henan\demo\fb\ib_util.dll library has not been found
	ib_util.dll library has not been found


MS-HOPE	Wed Jun 24 15:52:44 2020
	ib_util init failed, UDFs can't be used - looks like firebird misconfigured
	
	E:\henan\demo\fb\ib_util.dll library has not been found
	E:\henan\demo\fb\ib_util.dll library has not been found
	ib_util.dll library has not been found


MS-HOPE	Wed Jun 24 15:53:00 2020
	ib_util init failed, UDFs can't be used - looks like firebird misconfigured
	
	E:\henan\demo\fb\ib_util.dll library has not been found
	E:\henan\demo\fb\ib_util.dll library has not been found
	ib_util.dll library has not been found


MS-HOPE	Wed Jun 24 16:02:52 2020
	ib_util init failed, UDFs can't be used - looks like firebird misconfigured
	
	E:\henan\demo\fb\ib_util.dll library has not been found
	E:\henan\demo\fb\ib_util.dll library has not been found
	ib_util.dll library has not been found


MS-HOPE	Wed Jun 24 16:08:40 2020
	ib_util init failed, UDFs can't be used - looks like firebird misconfigured
	
	E:\henan\demo\fb\ib_util.dll library has not been found
	E:\henan\demo\fb\ib_util.dll library has not been found
	ib_util.dll library has not been found


MS-HOPE	Wed Jun 24 16:19:44 2020
	ib_util init failed, UDFs can't be used - looks like firebird misconfigured
	
	E:\henan\demo\fb\ib_util.dll library has not been found
	E:\henan\demo\fb\ib_util.dll library has not been found
	ib_util.dll library has not been found


MS-HOPE	Wed Jun 24 16:21:56 2020
	ib_util init failed, UDFs can't be used - looks like firebird misconfigured
	
	E:\henan\demo\fb\ib_util.dll library has not been found
	E:\henan\demo\fb\ib_util.dll library has not been found
	ib_util.dll library has not been found


MS-HOPE	Wed Jun 24 16:27:03 2020
	ib_util init failed, UDFs can't be used - looks like firebird misconfigured
	
	E:\henan\demo\fb\ib_util.dll library has not been found
	E:\henan\demo\fb\ib_util.dll library has not been found
	ib_util.dll library has not been found


MS-HOPE	Wed Jun 24 16:46:01 2020
	ib_util init failed, UDFs can't be used - looks like firebird misconfigured
	
	E:\henan\demo\fb\ib_util.dll library has not been found
	E:\henan\demo\fb\ib_util.dll library has not been found
	ib_util.dll library has not been found


MS-HOPE	Wed Jun 24 16:47:14 2020
	ib_util init failed, UDFs can't be used - looks like firebird misconfigured
	
	E:\henan\demo\fb\ib_util.dll library has not been found
	E:\henan\demo\fb\ib_util.dll library has not been found
	ib_util.dll library has not been found


MS-HOPE	Wed Jun 24 16:51:51 2020
	ib_util init failed, UDFs can't be used - looks like firebird misconfigured
	
	E:\henan\demo\fb\ib_util.dll library has not been found
	E:\henan\demo\fb\ib_util.dll library has not been found
	ib_util.dll library has not been found


MS-HOPE	Wed Jun 24 16:53:02 2020
	ib_util init failed, UDFs can't be used - looks like firebird misconfigured
	
	E:\henan\demo\fb\ib_util.dll library has not been found
	E:\henan\demo\fb\ib_util.dll library has not been found
	ib_util.dll library has not been found


MS-HOPE	Wed Jun 24 16:54:15 2020
	ib_util init failed, UDFs can't be used - looks like firebird misconfigured
	
	E:\henan\demo\fb\ib_util.dll library has not been found
	E:\henan\demo\fb\ib_util.dll library has not been found
	ib_util.dll library has not been found


MS-HOPE	Wed Jun 24 16:56:13 2020
	ib_util init failed, UDFs can't be used - looks like firebird misconfigured
	
	E:\henan\demo\fb\ib_util.dll library has not been found
	E:\henan\demo\fb\ib_util.dll library has not been found
	ib_util.dll library has not been found


MS-HOPE	Wed Jun 24 16:58:16 2020
	ib_util init failed, UDFs can't be used - looks like firebird misconfigured
	
	E:\henan\demo\fb\ib_util.dll library has not been found
	E:\henan\demo\fb\ib_util.dll library has not been found
	ib_util.dll library has not been found


MS-HOPE	Wed Jun 24 17:14:30 2020
	ib_util init failed, UDFs can't be used - looks like firebird misconfigured
	
	E:\henan\demo\fb\ib_util.dll library has not been found
	E:\henan\demo\fb\ib_util.dll library has not been found
	ib_util.dll library has not been found


MS-HOPE	Wed Jun 24 17:21:59 2020
	ib_util init failed, UDFs can't be used - looks like firebird misconfigured
	
	E:\henan\demo\fb\ib_util.dll library has not been found
	E:\henan\demo\fb\ib_util.dll library has not been found
	ib_util.dll library has not been found


MS-HOPE	Wed Jun 24 17:22:27 2020
	ib_util init failed, UDFs can't be used - looks like firebird misconfigured
	
	E:\henan\demo\fb\ib_util.dll library has not been found
	E:\henan\demo\fb\ib_util.dll library has not been found
	ib_util.dll library has not been found


MS-HOPE	Wed Jun 24 17:36:00 2020
	ib_util init failed, UDFs can't be used - looks like firebird misconfigured
	
	E:\henan\demo\fb\ib_util.dll library has not been found
	E:\henan\demo\fb\ib_util.dll library has not been found
	ib_util.dll library has not been found


MS-HOPE	Wed Jun 24 18:38:40 2020
	ib_util init failed, UDFs can't be used - looks like firebird misconfigured
	
	E:\henan\demo\fb\ib_util.dll library has not been found
	E:\henan\demo\fb\ib_util.dll library has not been found
	ib_util.dll library has not been found


MS-HOPE	Sat Jun 27 10:12:03 2020
	ib_util init failed, UDFs can't be used - looks like firebird misconfigured
	
	E:\IdeaProjects\ysnr-mes-client\fb\ib_util.dll library has not been found
	E:\IdeaProjects\ysnr-mes-client\fb\ib_util.dll library has not been found
	ib_util.dll library has not been found


MS-HOPE	Sat Jun 27 10:17:48 2020
	ib_util init failed, UDFs can't be used - looks like firebird misconfigured
	
	E:\IdeaProjects\ysnr-mes-client\fb\ib_util.dll library has not been found
	E:\IdeaProjects\ysnr-mes-client\fb\ib_util.dll library has not been found
	ib_util.dll library has not been found


MS-HOPE	Sat Jun 27 10:19:48 2020
	ib_util init failed, UDFs can't be used - looks like firebird misconfigured
	
	E:\IdeaProjects\ysnr-mes-client\fb\ib_util.dll library has not been found
	E:\IdeaProjects\ysnr-mes-client\fb\ib_util.dll library has not been found
	ib_util.dll library has not been found


MS-HOPE	Sat Jun 27 10:36:41 2020
	ib_util init failed, UDFs can't be used - looks like firebird misconfigured
	
	E:\IdeaProjects\ysnr-mes-client\fb\ib_util.dll library has not been found
	E:\IdeaProjects\ysnr-mes-client\fb\ib_util.dll library has not been found
	ib_util.dll library has not been found


MS-HOPE	Sat Jun 27 10:37:21 2020
	ib_util init failed, UDFs can't be used - looks like firebird misconfigured
	
	E:\IdeaProjects\ysnr-mes-client\fb\ib_util.dll library has not been found
	E:\IdeaProjects\ysnr-mes-client\fb\ib_util.dll library has not been found
	ib_util.dll library has not been found


MS-HOPE	Sat Jun 27 10:38:35 2020
	ib_util init failed, UDFs can't be used - looks like firebird misconfigured
	
	E:\IdeaProjects\ysnr-mes-client\fb\ib_util.dll library has not been found
	E:\IdeaProjects\ysnr-mes-client\fb\ib_util.dll library has not been found
	ib_util.dll library has not been found


MS-HOPE	Sat Jun 27 10:39:09 2020
	ib_util init failed, UDFs can't be used - looks like firebird misconfigured
	
	E:\IdeaProjects\ysnr-mes-client\fb\ib_util.dll library has not been found
	E:\IdeaProjects\ysnr-mes-client\fb\ib_util.dll library has not been found
	ib_util.dll library has not been found


MS-HOPE	Sat Jun 27 10:40:43 2020
	ib_util init failed, UDFs can't be used - looks like firebird misconfigured
	
	E:\IdeaProjects\ysnr-mes-client\fb\ib_util.dll library has not been found
	E:\IdeaProjects\ysnr-mes-client\fb\ib_util.dll library has not been found
	ib_util.dll library has not been found


MS-HOPE	Sat Jun 27 10:53:03 2020
	ib_util init failed, UDFs can't be used - looks like firebird misconfigured
	
	E:\IdeaProjects\ysnr-mes-client\fb\ib_util.dll library has not been found
	E:\IdeaProjects\ysnr-mes-client\fb\ib_util.dll library has not been found
	ib_util.dll library has not been found


MS-HOPE	Sat Jun 27 11:23:13 2020
	ib_util init failed, UDFs can't be used - looks like firebird misconfigured
	
	E:\IdeaProjects\ysnr-mes-client\fb\ib_util.dll library has not been found
	E:\IdeaProjects\ysnr-mes-client\fb\ib_util.dll library has not been found
	ib_util.dll library has not been found


MS-HOPE	Sat Jun 27 11:24:30 2020
	ib_util init failed, UDFs can't be used - looks like firebird misconfigured
	
	E:\IdeaProjects\ysnr-mes-client\fb\ib_util.dll library has not been found
	E:\IdeaProjects\ysnr-mes-client\fb\ib_util.dll library has not been found
	ib_util.dll library has not been found


MS-HOPE	Sat Jun 27 11:28:35 2020
	ib_util init failed, UDFs can't be used - looks like firebird misconfigured
	
	E:\IdeaProjects\ysnr-mes-client\fb\ib_util.dll library has not been found
	E:\IdeaProjects\ysnr-mes-client\fb\ib_util.dll library has not been found
	ib_util.dll library has not been found


MS-HOPE	Sat Jun 27 11:29:19 2020
	ib_util init failed, UDFs can't be used - looks like firebird misconfigured
	
	E:\IdeaProjects\ysnr-mes-client\fb\ib_util.dll library has not been found
	E:\IdeaProjects\ysnr-mes-client\fb\ib_util.dll library has not been found
	ib_util.dll library has not been found

